{
  "stats": {
    "suites": 7,
    "tests": 56,
    "passes": 52,
    "pending": 0,
    "failures": 4,
    "start": "2021-01-14T08:11:36.933Z",
    "end": "2021-04-02T11:28:02.491Z",
    "duration": 783746,
    "testsRegistered": 56,
    "passPercent": 92.85714285714286,
    "pendingPercent": 0,
    "other": 0,
    "hasOther": false,
    "skipped": 0,
    "hasSkipped": false
  },
  "results": [
    {
      "uuid": "88d5a70e-38ec-4499-88a7-f2e9e3332728",
      "title": "",
      "fullFile": "cypress\\integration\\Blanks\\blanksFilters.js",
      "file": "cypress\\integration\\Blanks\\blanksFilters.js",
      "beforeHooks": [],
      "afterHooks": [],
      "tests": [],
      "suites": [
        {
          "uuid": "15c34b73-9c5c-4e99-b0e4-63f04effaa19",
          "title": "Blanks filters",
          "fullFile": "",
          "file": "",
          "beforeHooks": [],
          "afterHooks": [],
          "tests": [
            {
              "title": "Extended filters Selected and Approved",
              "fullTitle": "Blanks filters Extended filters Selected and Approved",
              "timedOut": null,
              "duration": 15017,
              "state": "passed",
              "speed": "slow",
              "pass": true,
              "fail": false,
              "pending": false,
              "context": null,
              "code": "cy.location('pathname').should('match', /\\/blanks$/);\nblanks.submitFilter();\nfilter.checkBlankExtendedFiltersSelectedAndApproved();\nblanks.checkBlanksCount();\nfilter.submitClearAllFilters();",
              "err": {},
              "uuid": "ead1df96-0a10-4efc-a5cf-7a19b0d06b2e",
              "parentUUID": "15c34b73-9c5c-4e99-b0e4-63f04effaa19",
              "isHook": false,
              "skipped": false
            },
            {
              "title": "Extended filters Selected or Approved",
              "fullTitle": "Blanks filters Extended filters Selected or Approved",
              "timedOut": null,
              "duration": 10908,
              "state": "passed",
              "speed": "slow",
              "pass": true,
              "fail": false,
              "pending": false,
              "context": null,
              "code": "cy.location('pathname').should('match', /\\/blanks$/);\nblanks.submitFilter();\nfilter.checkBlankExtendedFiltersSelectedOrApproved();\nblanks.checkBlanksCount();\nfilter.submitClearAllFilters();",
              "err": {},
              "uuid": "097d77be-ee8d-4df9-af3f-dbbaca7ffb27",
              "parentUUID": "15c34b73-9c5c-4e99-b0e4-63f04effaa19",
              "isHook": false,
              "skipped": false
            },
            {
              "title": "Blank selection Selected filter",
              "fullTitle": "Blanks filters Blank selection Selected filter",
              "timedOut": null,
              "duration": 11004,
              "state": "passed",
              "speed": "slow",
              "pass": true,
              "fail": false,
              "pending": false,
              "context": null,
              "code": "cy.location('pathname').should('match', /\\/blanks$/);\nblanks.submitFilter();\nfilter.checkBlankSelectionSelected();\nblanks.checkBlanksCount();\nfilter.submitClearAllFilters();",
              "err": {},
              "uuid": "25adf93b-e46c-4cb6-8c6a-0d39f5b8429f",
              "parentUUID": "15c34b73-9c5c-4e99-b0e4-63f04effaa19",
              "isHook": false,
              "skipped": false
            },
            {
              "title": "Blank selection Unspecified filter",
              "fullTitle": "Blanks filters Blank selection Unspecified filter",
              "timedOut": null,
              "duration": 10783,
              "state": "passed",
              "speed": "slow",
              "pass": true,
              "fail": false,
              "pending": false,
              "context": null,
              "code": "cy.location('pathname').should('match', /\\/blanks$/);\nblanks.submitFilter();\nfilter.checkBlankSelectionUnspecified();\nblanks.checkBlanksCount();\nfilter.submitClearAllFilters();",
              "err": {},
              "uuid": "177fe816-160b-4503-8bd9-cc5ea275bdd0",
              "parentUUID": "15c34b73-9c5c-4e99-b0e4-63f04effaa19",
              "isHook": false,
              "skipped": false
            },
            {
              "title": "Blank approval Approved filter",
              "fullTitle": "Blanks filters Blank approval Approved filter",
              "timedOut": null,
              "duration": 10648,
              "state": "passed",
              "speed": "slow",
              "pass": true,
              "fail": false,
              "pending": false,
              "context": null,
              "code": "cy.location('pathname').should('match', /\\/blanks$/);\nblanks.submitFilter();\nfilter.checkBlankApprovalApproved();\nblanks.checkBlanksCount();\nfilter.submitClearAllFilters();",
              "err": {},
              "uuid": "a78a3216-a0f8-4e2b-a49b-7a4b8425e08c",
              "parentUUID": "15c34b73-9c5c-4e99-b0e4-63f04effaa19",
              "isHook": false,
              "skipped": false
            },
            {
              "title": "Blank approval Rejected filter",
              "fullTitle": "Blanks filters Blank approval Rejected filter",
              "timedOut": null,
              "duration": 11019,
              "state": "passed",
              "speed": "slow",
              "pass": true,
              "fail": false,
              "pending": false,
              "context": null,
              "code": "cy.location('pathname').should('match', /\\/blanks$/);\nblanks.submitFilter();\nfilter.checkBlankApprovalRejected();\nblanks.checkBlanksCount();\nfilter.submitClearAllFilters();",
              "err": {},
              "uuid": "c970a85d-fd5f-4340-843f-8468746bb6df",
              "parentUUID": "15c34b73-9c5c-4e99-b0e4-63f04effaa19",
              "isHook": false,
              "skipped": false
            },
            {
              "title": "Blank approval Unspecified filter",
              "fullTitle": "Blanks filters Blank approval Unspecified filter",
              "timedOut": null,
              "duration": 10741,
              "state": "passed",
              "speed": "slow",
              "pass": true,
              "fail": false,
              "pending": false,
              "context": null,
              "code": "cy.location('pathname').should('match', /\\/blanks$/);\nblanks.submitFilter();\nfilter.checkBlankApprovalUnspecified();\nblanks.checkBlanksCount();\nfilter.submitClearAllFilters();",
              "err": {},
              "uuid": "e9a730d0-d96f-4891-9095-f1523123010e",
              "parentUUID": "15c34b73-9c5c-4e99-b0e4-63f04effaa19",
              "isHook": false,
              "skipped": false
            },
            {
              "title": "Blank type Men filter",
              "fullTitle": "Blanks filters Blank type Men filter",
              "timedOut": null,
              "duration": 10289,
              "state": "passed",
              "speed": "slow",
              "pass": true,
              "fail": false,
              "pending": false,
              "context": null,
              "code": "cy.location('pathname').should('match', /\\/blanks$/);\nblanks.submitFilter();\nfilter.checkBlankTypeMen();\nblanks.checkBlanksCount();\nfilter.submitClearAllFilters();",
              "err": {},
              "uuid": "7ba9dc59-6de0-4832-8b2e-c0677a1e2418",
              "parentUUID": "15c34b73-9c5c-4e99-b0e4-63f04effaa19",
              "isHook": false,
              "skipped": false
            },
            {
              "title": "Blank type Women filter",
              "fullTitle": "Blanks filters Blank type Women filter",
              "timedOut": null,
              "duration": 10531,
              "state": "passed",
              "speed": "slow",
              "pass": true,
              "fail": false,
              "pending": false,
              "context": null,
              "code": "cy.location('pathname').should('match', /\\/blanks$/);\nblanks.submitFilter();\nfilter.checkBlankTypeWomen();\nblanks.checkBlanksCount();\nfilter.submitClearAllFilters();",
              "err": {},
              "uuid": "492fecf0-be2a-458c-a443-a2fca6fbd201",
              "parentUUID": "15c34b73-9c5c-4e99-b0e4-63f04effaa19",
              "isHook": false,
              "skipped": false
            },
            {
              "title": "Blank type Kids & Toddlers filter",
              "fullTitle": "Blanks filters Blank type Kids & Toddlers filter",
              "timedOut": null,
              "duration": 10828,
              "state": "passed",
              "speed": "slow",
              "pass": true,
              "fail": false,
              "pending": false,
              "context": null,
              "code": "cy.location('pathname').should('match', /\\/blanks$/);\nblanks.submitFilter();\nfilter.checkBlankTypeKids();\nblanks.checkBlanksCount();\nfilter.submitClearAllFilters();",
              "err": {},
              "uuid": "ed18272a-7236-4557-8687-ec7ca8383aa1",
              "parentUUID": "15c34b73-9c5c-4e99-b0e4-63f04effaa19",
              "isHook": false,
              "skipped": false
            },
            {
              "title": "Blank type Hometex filter",
              "fullTitle": "Blanks filters Blank type Hometex filter",
              "timedOut": null,
              "duration": 10817,
              "state": "passed",
              "speed": "slow",
              "pass": true,
              "fail": false,
              "pending": false,
              "context": null,
              "code": "cy.location('pathname').should('match', /\\/blanks$/);\nblanks.submitFilter();\nfilter.checkBlankTypeHometex();\nblanks.checkBlanksCount();\nfilter.submitClearAllFilters();",
              "err": {},
              "uuid": "cd099046-0ac4-49dd-8921-f647d2fef6bd",
              "parentUUID": "15c34b73-9c5c-4e99-b0e4-63f04effaa19",
              "isHook": false,
              "skipped": false
            },
            {
              "title": "Blank type Workwear & Uniforms",
              "fullTitle": "Blanks filters Blank type Workwear & Uniforms",
              "timedOut": null,
              "duration": 10715,
              "state": "passed",
              "speed": "slow",
              "pass": true,
              "fail": false,
              "pending": false,
              "context": null,
              "code": "cy.location('pathname').should('match', /\\/blanks$/);\nblanks.submitFilter();\nfilter.checkBlankTypeWorwear();\nblanks.emptyBlanksCount();\nfilter.submitClearAllFilters();",
              "err": {},
              "uuid": "89692e17-df9e-4fbe-8e62-b16a9763ac69",
              "parentUUID": "15c34b73-9c5c-4e99-b0e4-63f04effaa19",
              "isHook": false,
              "skipped": false
            },
            {
              "title": "Blank type Accessories",
              "fullTitle": "Blanks filters Blank type Accessories",
              "timedOut": null,
              "duration": 10764,
              "state": "passed",
              "speed": "slow",
              "pass": true,
              "fail": false,
              "pending": false,
              "context": null,
              "code": "cy.location('pathname').should('match', /\\/blanks$/);\nblanks.submitFilter();\nfilter.checkBlankTypeAccessories();\nblanks.emptyBlanksCount();\nfilter.submitClearAllFilters();",
              "err": {},
              "uuid": "ce8ca948-8e96-40b7-b456-48973309ac3f",
              "parentUUID": "15c34b73-9c5c-4e99-b0e4-63f04effaa19",
              "isHook": false,
              "skipped": false
            },
            {
              "title": "Blank Blank properties Brand",
              "fullTitle": "Blanks filters Blank Blank properties Brand",
              "timedOut": null,
              "duration": 14440,
              "state": "passed",
              "speed": "slow",
              "pass": true,
              "fail": false,
              "pending": false,
              "context": null,
              "code": "cy.location('pathname').should('match', /\\/blanks$/);\nblanks.submitFilter();\nfilter.fillBlankPropertiesBrand();\ncy.wait(3000);\nfilter.checkBlankPropertiesBrand();\nblanks.checkBlanksCount();\nfilter.submitClearAllFilters();",
              "err": {},
              "uuid": "ae64c33e-d461-4e99-a183-66b95771ac10",
              "parentUUID": "15c34b73-9c5c-4e99-b0e4-63f04effaa19",
              "isHook": false,
              "skipped": false
            },
            {
              "title": "Blank Blank properties Brand reference code",
              "fullTitle": "Blanks filters Blank Blank properties Brand reference code",
              "timedOut": null,
              "duration": 12905,
              "state": "passed",
              "speed": "slow",
              "pass": true,
              "fail": false,
              "pending": false,
              "context": null,
              "code": "cy.location('pathname').should('match', /\\/blanks$/);\nblanks.submitFilter();\nfilter.fillBlankPropertiesBrandReferenceCode();\ncy.wait(2000);\nfilter.checkBlankPropertiesBrandReferenceCode();\nblanks.checkBlanksCount();\nfilter.submitClearAllFilters();",
              "err": {},
              "uuid": "9144a522-1817-490e-8773-8eff9a4736f4",
              "parentUUID": "15c34b73-9c5c-4e99-b0e4-63f04effaa19",
              "isHook": false,
              "skipped": false
            },
            {
              "title": "Blank Blank properties Sizes",
              "fullTitle": "Blanks filters Blank Blank properties Sizes",
              "timedOut": null,
              "duration": 12622,
              "state": "passed",
              "speed": "slow",
              "pass": true,
              "fail": false,
              "pending": false,
              "context": null,
              "code": "cy.location('pathname').should('match', /\\/blanks$/);\nblanks.submitFilter();\nfilter.fillBlankPropertiesSizes();\ncy.wait(2000);\nfilter.checkBlankPropertiesSizes();\nblanks.checkBlanksCount();\nfilter.submitClearAllFilters();",
              "err": {},
              "uuid": "ac0b3dc8-4f14-4b68-b207-ae04fcc8ca89",
              "parentUUID": "15c34b73-9c5c-4e99-b0e4-63f04effaa19",
              "isHook": false,
              "skipped": false
            },
            {
              "title": "Blank Blank properties Line Premium",
              "fullTitle": "Blanks filters Blank Blank properties Line Premium",
              "timedOut": null,
              "duration": 10907,
              "state": "passed",
              "speed": "slow",
              "pass": true,
              "fail": false,
              "pending": false,
              "context": null,
              "code": "cy.location('pathname').should('match', /\\/blanks$/);\nblanks.submitFilter();\nfilter.checkBlankPropertiesLinePremium();\nblanks.checkBlanksCount();\nfilter.submitClearAllFilters();",
              "err": {},
              "uuid": "28a128a1-b747-479e-994b-2941ab737b3a",
              "parentUUID": "15c34b73-9c5c-4e99-b0e4-63f04effaa19",
              "isHook": false,
              "skipped": false
            },
            {
              "title": "Blank Blank properties Line Standard",
              "fullTitle": "Blanks filters Blank Blank properties Line Standard",
              "timedOut": null,
              "duration": 10768,
              "state": "passed",
              "speed": "slow",
              "pass": true,
              "fail": false,
              "pending": false,
              "context": null,
              "code": "cy.location('pathname').should('match', /\\/blanks$/);\nblanks.submitFilter();\nfilter.checkBlankPropertiesLineStandard();\nblanks.checkBlanksCount();\nfilter.submitClearAllFilters();",
              "err": {},
              "uuid": "e6e3a8ed-f266-4f13-aa9d-4a8ae951d221",
              "parentUUID": "15c34b73-9c5c-4e99-b0e4-63f04effaa19",
              "isHook": false,
              "skipped": false
            },
            {
              "title": "Blank Blank properties Manufacturer",
              "fullTitle": "Blanks filters Blank Blank properties Manufacturer",
              "timedOut": null,
              "duration": 14818,
              "state": "passed",
              "speed": "slow",
              "pass": true,
              "fail": false,
              "pending": false,
              "context": null,
              "code": "cy.location('pathname').should('match', /\\/blanks$/);\nblanks.submitFilter();\nfilter.fillBlankPropertiesManufacturer();\ncy.wait(2000);\nfilter.checkBlankPropertiesManufacturer();\nblanks.checkBlanksCount();\nfilter.submitClearAllFilters();",
              "err": {},
              "uuid": "c6c27c9f-08f8-4f9f-bb11-e10b0bf6963a",
              "parentUUID": "15c34b73-9c5c-4e99-b0e4-63f04effaa19",
              "isHook": false,
              "skipped": false
            }
          ],
          "suites": [],
          "passes": [
            "ead1df96-0a10-4efc-a5cf-7a19b0d06b2e",
            "097d77be-ee8d-4df9-af3f-dbbaca7ffb27",
            "25adf93b-e46c-4cb6-8c6a-0d39f5b8429f",
            "177fe816-160b-4503-8bd9-cc5ea275bdd0",
            "a78a3216-a0f8-4e2b-a49b-7a4b8425e08c",
            "c970a85d-fd5f-4340-843f-8468746bb6df",
            "e9a730d0-d96f-4891-9095-f1523123010e",
            "7ba9dc59-6de0-4832-8b2e-c0677a1e2418",
            "492fecf0-be2a-458c-a443-a2fca6fbd201",
            "ed18272a-7236-4557-8687-ec7ca8383aa1",
            "cd099046-0ac4-49dd-8921-f647d2fef6bd",
            "89692e17-df9e-4fbe-8e62-b16a9763ac69",
            "ce8ca948-8e96-40b7-b456-48973309ac3f",
            "ae64c33e-d461-4e99-a183-66b95771ac10",
            "9144a522-1817-490e-8773-8eff9a4736f4",
            "ac0b3dc8-4f14-4b68-b207-ae04fcc8ca89",
            "28a128a1-b747-479e-994b-2941ab737b3a",
            "e6e3a8ed-f266-4f13-aa9d-4a8ae951d221",
            "c6c27c9f-08f8-4f9f-bb11-e10b0bf6963a"
          ],
          "failures": [],
          "pending": [],
          "skipped": [],
          "duration": 220524,
          "root": false,
          "rootEmpty": false,
          "_timeout": 2000
        }
      ],
      "passes": [],
      "failures": [],
      "pending": [],
      "skipped": [],
      "duration": 0,
      "root": true,
      "rootEmpty": true,
      "_timeout": 2000
    },
    {
      "uuid": "379f8313-fcd4-4620-adb6-11139699906f",
      "title": "",
      "fullFile": "cypress\\integration\\GeneralAppearance\\login.js",
      "file": "cypress\\integration\\GeneralAppearance\\login.js",
      "beforeHooks": [],
      "afterHooks": [],
      "tests": [],
      "suites": [
        {
          "uuid": "809df613-662a-4a24-8a35-28bc0669caa3",
          "title": "Login",
          "fullFile": "",
          "file": "",
          "beforeHooks": [],
          "afterHooks": [],
          "tests": [
            {
              "title": "Login and logout",
              "fullTitle": "Login Login and logout",
              "timedOut": null,
              "duration": 36707,
              "state": "passed",
              "speed": "slow",
              "pass": true,
              "fail": false,
              "pending": false,
              "context": null,
              "code": "signIn.visit();\nsignIn.fillUsername(Cypress.env('username'));\nsignIn.fillPassword(Cypress.env('password'));\nsignIn.submitSignIn();\ncy.wait(5000);\nmainPage.checkCookiePolice();\nmainPage.submitContinueSystem();\nmainPage.checkMainPageOpen();\nmainPage.logout();\nsignIn.checkloginPage();",
              "err": {},
              "uuid": "a80054ab-afdd-4c89-a9ea-eddda0d165a1",
              "parentUUID": "809df613-662a-4a24-8a35-28bc0669caa3",
              "isHook": false,
              "skipped": false
            }
          ],
          "suites": [],
          "passes": [
            "a80054ab-afdd-4c89-a9ea-eddda0d165a1"
          ],
          "failures": [],
          "pending": [],
          "skipped": [],
          "duration": 36707,
          "root": false,
          "rootEmpty": false,
          "_timeout": 2000
        }
      ],
      "passes": [],
      "failures": [],
      "pending": [],
      "skipped": [],
      "duration": 0,
      "root": true,
      "rootEmpty": true,
      "_timeout": 2000
    },
    {
      "uuid": "a7d90d1d-01e8-4add-b049-4a32db01e383",
      "title": "",
      "fullFile": "cypress\\integration\\GeneralAppearance\\menu.js",
      "file": "cypress\\integration\\GeneralAppearance\\menu.js",
      "beforeHooks": [],
      "afterHooks": [],
      "tests": [],
      "suites": [
        {
          "uuid": "15c53d2a-bdf0-44d8-bf73-6b88c3c34e4f",
          "title": "Check left menu",
          "fullFile": "",
          "file": "",
          "beforeHooks": [],
          "afterHooks": [],
          "tests": [
            {
              "title": "Check left menu",
              "fullTitle": "Check left menu Check left menu",
              "timedOut": null,
              "duration": 17996,
              "state": "passed",
              "speed": "slow",
              "pass": true,
              "fail": false,
              "pending": false,
              "context": null,
              "code": "mainPage.submitArtworks();\ncy.location('pathname').should('match', /\\/artworks$/);\nmainPage.submitTrimsStamps();\ncy.location('pathname').should('match', /\\/trims$/);\nmainPage.submitBomImport();\ncy.location('pathname').should('match', /\\/bom-import$/);\nmainPage.submitMockups();\ncy.location('pathname').should('match', /\\/prelistings$/);\nmainPage.submitProductsInStore();\ncy.location('pathname').should('match', /\\/listings$/);\nmainPage.submitTransactions();\ncy.location('pathname').should('match', /\\/transactions$/);\nmainPage.submitSkuCatalog();\ncy.location('pathname').should('match', /\\/sku-catalog$/);\nmainPage.submitOrders();\ncy.location('pathname').should('match', /\\/orders$/);",
              "err": {},
              "uuid": "4a509fd0-67a5-4f59-968e-84fcd318c452",
              "parentUUID": "15c53d2a-bdf0-44d8-bf73-6b88c3c34e4f",
              "isHook": false,
              "skipped": false
            }
          ],
          "suites": [],
          "passes": [
            "4a509fd0-67a5-4f59-968e-84fcd318c452"
          ],
          "failures": [],
          "pending": [],
          "skipped": [],
          "duration": 17996,
          "root": false,
          "rootEmpty": false,
          "_timeout": 2000
        }
      ],
      "passes": [],
      "failures": [],
      "pending": [],
      "skipped": [],
      "duration": 0,
      "root": true,
      "rootEmpty": true,
      "_timeout": 2000
    },
    {
      "uuid": "e02cd9a2-7e10-484c-b316-af2224814451",
      "title": "",
      "fullFile": "cypress\\integration\\Blanks\\blanks.js",
      "file": "cypress\\integration\\Blanks\\blanks.js",
      "beforeHooks": [],
      "afterHooks": [],
      "tests": [],
      "suites": [
        {
          "uuid": "f3e37726-981f-479c-a556-422e1b6ff39c",
          "title": "Blanks",
          "fullFile": "",
          "file": "",
          "beforeHooks": [],
          "afterHooks": [],
          "tests": [
            {
              "title": "Check blanks count",
              "fullTitle": "Blanks Check blanks count",
              "timedOut": null,
              "duration": 15086,
              "state": "passed",
              "speed": "slow",
              "pass": true,
              "fail": false,
              "pending": false,
              "context": null,
              "code": "cy.location('pathname').should('match', /\\/blanks$/);\nblanks.checkBlanksCount();",
              "err": {},
              "uuid": "5b2bde06-6901-47c8-803d-9ee42e520819",
              "parentUUID": "f3e37726-981f-479c-a556-422e1b6ff39c",
              "isHook": false,
              "skipped": false
            },
            {
              "title": "Check blanks exist",
              "fullTitle": "Blanks Check blanks exist",
              "timedOut": null,
              "duration": 13015,
              "state": "passed",
              "speed": "slow",
              "pass": true,
              "fail": false,
              "pending": false,
              "context": null,
              "code": "cy.location('pathname').should('match', /\\/blanks$/);\nblanks.checkBlankItem();\nblanks.checkBlanksName();\nblanks.checkBlanksId();\nblanks.checkBlanksBrand();\nblanks.checkBlanksSizes();\nblanks.checkBlanksLine();\nblanks.checkBlanksGender();\nblanks.checkBlanksManufacturer();\nblanks.checkBlanksDate();",
              "err": {},
              "uuid": "5eeafd6b-8d03-4309-a90d-be924db06c3c",
              "parentUUID": "f3e37726-981f-479c-a556-422e1b6ff39c",
              "isHook": false,
              "skipped": false
            },
            {
              "title": "Check select not active after page load",
              "fullTitle": "Blanks Check select not active after page load",
              "timedOut": null,
              "duration": 12452,
              "state": "passed",
              "speed": "slow",
              "pass": true,
              "fail": false,
              "pending": false,
              "context": null,
              "code": "cy.location('pathname').should('match', /\\/blanks$/);\nblanks.checkSelectDisabled();",
              "err": {},
              "uuid": "719087c7-b5f1-4a85-b672-d888f306e8d4",
              "parentUUID": "f3e37726-981f-479c-a556-422e1b6ff39c",
              "isHook": false,
              "skipped": false
            },
            {
              "title": "Paging",
              "fullTitle": "Blanks Paging",
              "timedOut": null,
              "duration": 12643,
              "state": "passed",
              "speed": "slow",
              "pass": true,
              "fail": false,
              "pending": false,
              "context": null,
              "code": "cy.location('pathname').should('match', /\\/blanks$/);\nblanks.submitSecondPage();\nblanks.checkBlankItem();\nblanks.submitThirdPage();\nblanks.checkBlankItem();",
              "err": {},
              "uuid": "2895fa74-6666-44db-bdbe-82a4769b47ba",
              "parentUUID": "f3e37726-981f-479c-a556-422e1b6ff39c",
              "isHook": false,
              "skipped": false
            },
            {
              "title": "Select all check",
              "fullTitle": "Blanks Select all check",
              "timedOut": null,
              "duration": 12683,
              "state": "passed",
              "speed": "slow",
              "pass": true,
              "fail": false,
              "pending": false,
              "context": null,
              "code": "cy.location('pathname').should('match', /\\/blanks$/);\nblanks.checkSelectAll();\nblanks.checkBlankCheckedSelectAll();",
              "err": {},
              "uuid": "78d22c94-06cf-4e63-80f2-2db0bb0b4962",
              "parentUUID": "f3e37726-981f-479c-a556-422e1b6ff39c",
              "isHook": false,
              "skipped": false
            },
            {
              "title": "Appoval when load catalog",
              "fullTitle": "Blanks Appoval when load catalog",
              "timedOut": null,
              "duration": 12003,
              "state": "passed",
              "speed": "slow",
              "pass": true,
              "fail": false,
              "pending": false,
              "context": null,
              "code": "cy.location('pathname').should('match', /\\/blanks$/);\nblanks.checkApproveRejectButtonDisable();",
              "err": {},
              "uuid": "1d4b6370-8ce5-470b-84f8-f8bcedb88bd6",
              "parentUUID": "f3e37726-981f-479c-a556-422e1b6ff39c",
              "isHook": false,
              "skipped": false
            }
          ],
          "suites": [],
          "passes": [
            "5b2bde06-6901-47c8-803d-9ee42e520819",
            "5eeafd6b-8d03-4309-a90d-be924db06c3c",
            "719087c7-b5f1-4a85-b672-d888f306e8d4",
            "2895fa74-6666-44db-bdbe-82a4769b47ba",
            "78d22c94-06cf-4e63-80f2-2db0bb0b4962",
            "1d4b6370-8ce5-470b-84f8-f8bcedb88bd6"
          ],
          "failures": [],
          "pending": [],
          "skipped": [],
          "duration": 77882,
          "root": false,
          "rootEmpty": false,
          "_timeout": 2000
        }
      ],
      "passes": [],
      "failures": [],
      "pending": [],
      "skipped": [],
      "duration": 0,
      "root": true,
      "rootEmpty": true,
      "_timeout": 2000
    },
    {
      "uuid": "fcc5377f-ca9d-4bb6-b064-4ce3e34bbbcb",
      "title": "",
      "fullFile": "cypress\\integration\\Blanks\\blanksFilters.js",
      "file": "cypress\\integration\\Blanks\\blanksFilters.js",
      "beforeHooks": [],
      "afterHooks": [],
      "tests": [],
      "suites": [
        {
          "uuid": "25d8bf9e-6de1-4ffb-89ed-b7fec5723dfd",
          "title": "Blanks filters",
          "fullFile": "",
          "file": "",
          "beforeHooks": [],
          "afterHooks": [],
          "tests": [
            {
              "title": "Extended filters Selected and Approved",
              "fullTitle": "Blanks filters Extended filters Selected and Approved",
              "timedOut": null,
              "duration": 19114,
              "state": "failed",
              "speed": null,
              "pass": false,
              "fail": true,
              "pending": false,
              "context": null,
              "code": "cy.location('pathname').should('match', /\\/blanks$/);\nblanks.submitFilter();\nfilter.checkBlankExtendedFiltersSelectedAndApproved();\nblanks.checkBlanksCount(); // filter.submitClearAllFilters();",
              "err": {
                "message": "CypressError: Timed out retrying after 5050ms: `cy.click()` failed because this element is not visible:\n\n`<div data-toggle=\"collapse\" data-target=\"#backside-filter-collapse-SystemMyBlanksApprovedInternalName\" aria-expanded=\"false\" aria-controls=\"backside-filter-collapse-SystemMyBlanksApprovedInternalName\" class=\"card-title collapsed\">Extende...</div>`\n\nThis element `<div.card-title.collapsed>` is not visible because its ancestor has `position: fixed` CSS property and it is overflowed by other elements. How about scrolling to the element with `cy.scrollIntoView()`?\n\nFix this problem, or use `{force: true}` to disable error checking.\n\nhttps://on.cypress.io/element-cannot-be-interacted-with",
                "estack": "CypressError: Timed out retrying after 5050ms: `cy.click()` failed because this element is not visible:\n\n`<div data-toggle=\"collapse\" data-target=\"#backside-filter-collapse-SystemMyBlanksApprovedInternalName\" aria-expanded=\"false\" aria-controls=\"backside-filter-collapse-SystemMyBlanksApprovedInternalName\" class=\"card-title collapsed\">Extende...</div>`\n\nThis element `<div.card-title.collapsed>` is not visible because its ancestor has `position: fixed` CSS property and it is overflowed by other elements. How about scrolling to the element with `cy.scrollIntoView()`?\n\nFix this problem, or use `{force: true}` to disable error checking.\n\nhttps://on.cypress.io/element-cannot-be-interacted-with\n    at $Cy.ensureVisibility (https://bbstaticwebapptest.azurewebsites.net/__cypress/runner/cypress_runner.js:162564:24)\n    at runAllChecks (https://bbstaticwebapptest.azurewebsites.net/__cypress/runner/cypress_runner.js:151399:14)\n    at retryActionability (https://bbstaticwebapptest.azurewebsites.net/__cypress/runner/cypress_runner.js:151453:16)\n    at tryCatcher (https://bbstaticwebapptest.azurewebsites.net/__cypress/runner/cypress_runner.js:10765:23)\n    at Function.Promise.attempt.Promise.try (https://bbstaticwebapptest.azurewebsites.net/__cypress/runner/cypress_runner.js:8039:29)\n    at tryFn (https://bbstaticwebapptest.azurewebsites.net/__cypress/runner/cypress_runner.js:167065:21)\n    at whenStable (https://bbstaticwebapptest.azurewebsites.net/__cypress/runner/cypress_runner.js:167103:12)\n    at https://bbstaticwebapptest.azurewebsites.net/__cypress/runner/cypress_runner.js:166598:16\n    at tryCatcher (https://bbstaticwebapptest.azurewebsites.net/__cypress/runner/cypress_runner.js:10765:23)\n    at Promise._settlePromiseFromHandler (https://bbstaticwebapptest.azurewebsites.net/__cypress/runner/cypress_runner.js:8700:31)\n    at Promise._settlePromise (https://bbstaticwebapptest.azurewebsites.net/__cypress/runner/cypress_runner.js:8757:18)\n    at Promise._settlePromise0 (https://bbstaticwebapptest.azurewebsites.net/__cypress/runner/cypress_runner.js:8802:10)\n    at Promise._settlePromises (https://bbstaticwebapptest.azurewebsites.net/__cypress/runner/cypress_runner.js:8882:18)\n    at Promise._fulfill (https://bbstaticwebapptest.azurewebsites.net/__cypress/runner/cypress_runner.js:8826:18)\n    at https://bbstaticwebapptest.azurewebsites.net/__cypress/runner/cypress_runner.js:10440:46\nFrom Your Spec Code:\n    at BlanksFilterPage.checkBlankExtendedFiltersSelectedAndApproved (https://bbstaticwebapptest.azurewebsites.net/__cypress/tests?p=cypress\\integration\\Blanks\\blanksFilters.js:271:39)\n    at Context.eval (https://bbstaticwebapptest.azurewebsites.net/__cypress/tests?p=cypress\\integration\\Blanks\\blanksFilters.js:117:12)",
                "diff": null
              },
              "uuid": "bee39f43-f25f-4596-a087-1f96a1b2745b",
              "parentUUID": "25d8bf9e-6de1-4ffb-89ed-b7fec5723dfd",
              "isHook": false,
              "skipped": false
            },
            {
              "title": "Extended filters Selected or Approved",
              "fullTitle": "Blanks filters Extended filters Selected or Approved",
              "timedOut": null,
              "duration": 14309,
              "state": "passed",
              "speed": "slow",
              "pass": true,
              "fail": false,
              "pending": false,
              "context": null,
              "code": "cy.location('pathname').should('match', /\\/blanks$/);\nblanks.submitFilter();\nfilter.checkBlankExtendedFiltersSelectedOrApproved();\nblanks.checkBlanksCount(); // filter.submitClearAllFilters();",
              "err": {},
              "uuid": "2ba89240-4728-416c-854e-1194fbefcb99",
              "parentUUID": "25d8bf9e-6de1-4ffb-89ed-b7fec5723dfd",
              "isHook": false,
              "skipped": false
            },
            {
              "title": "Blank selection Selected filter",
              "fullTitle": "Blanks filters Blank selection Selected filter",
              "timedOut": null,
              "duration": 19659,
              "state": "failed",
              "speed": null,
              "pass": false,
              "fail": true,
              "pending": false,
              "context": null,
              "code": "cy.location('pathname').should('match', /\\/blanks$/);\nblanks.submitFilter();\nfilter.checkBlankSelectionSelected();\nblanks.checkBlanksCount(); //  filter.submitClearAllFilters();",
              "err": {
                "message": "CypressError: Timed out retrying after 5050ms: `cy.click()` failed because this element is not visible:\n\n`<div data-toggle=\"collapse\" data-target=\"#backside-filter-collapse-IsMyBlank\" aria-expanded=\"false\" aria-controls=\"backside-filter-collapse-IsMyBlank\" class=\"card-title collapsed\">Blank s...</div>`\n\nThis element `<div.card-title.collapsed>` is not visible because its ancestor has `position: fixed` CSS property and it is overflowed by other elements. How about scrolling to the element with `cy.scrollIntoView()`?\n\nFix this problem, or use `{force: true}` to disable error checking.\n\nhttps://on.cypress.io/element-cannot-be-interacted-with",
                "estack": "CypressError: Timed out retrying after 5050ms: `cy.click()` failed because this element is not visible:\n\n`<div data-toggle=\"collapse\" data-target=\"#backside-filter-collapse-IsMyBlank\" aria-expanded=\"false\" aria-controls=\"backside-filter-collapse-IsMyBlank\" class=\"card-title collapsed\">Blank s...</div>`\n\nThis element `<div.card-title.collapsed>` is not visible because its ancestor has `position: fixed` CSS property and it is overflowed by other elements. How about scrolling to the element with `cy.scrollIntoView()`?\n\nFix this problem, or use `{force: true}` to disable error checking.\n\nhttps://on.cypress.io/element-cannot-be-interacted-with\n    at $Cy.ensureVisibility (https://bbstaticwebapptest.azurewebsites.net/__cypress/runner/cypress_runner.js:162564:24)\n    at runAllChecks (https://bbstaticwebapptest.azurewebsites.net/__cypress/runner/cypress_runner.js:151399:14)\n    at retryActionability (https://bbstaticwebapptest.azurewebsites.net/__cypress/runner/cypress_runner.js:151453:16)\n    at tryCatcher (https://bbstaticwebapptest.azurewebsites.net/__cypress/runner/cypress_runner.js:10765:23)\n    at Function.Promise.attempt.Promise.try (https://bbstaticwebapptest.azurewebsites.net/__cypress/runner/cypress_runner.js:8039:29)\n    at tryFn (https://bbstaticwebapptest.azurewebsites.net/__cypress/runner/cypress_runner.js:167065:21)\n    at whenStable (https://bbstaticwebapptest.azurewebsites.net/__cypress/runner/cypress_runner.js:167103:12)\n    at https://bbstaticwebapptest.azurewebsites.net/__cypress/runner/cypress_runner.js:166598:16\n    at tryCatcher (https://bbstaticwebapptest.azurewebsites.net/__cypress/runner/cypress_runner.js:10765:23)\n    at Promise._settlePromiseFromHandler (https://bbstaticwebapptest.azurewebsites.net/__cypress/runner/cypress_runner.js:8700:31)\n    at Promise._settlePromise (https://bbstaticwebapptest.azurewebsites.net/__cypress/runner/cypress_runner.js:8757:18)\n    at Promise._settlePromise0 (https://bbstaticwebapptest.azurewebsites.net/__cypress/runner/cypress_runner.js:8802:10)\n    at Promise._settlePromises (https://bbstaticwebapptest.azurewebsites.net/__cypress/runner/cypress_runner.js:8882:18)\n    at Promise._fulfill (https://bbstaticwebapptest.azurewebsites.net/__cypress/runner/cypress_runner.js:8826:18)\n    at https://bbstaticwebapptest.azurewebsites.net/__cypress/runner/cypress_runner.js:10440:46\nFrom Your Spec Code:\n    at BlanksFilterPage.checkBlankSelectionSelected (https://bbstaticwebapptest.azurewebsites.net/__cypress/tests?p=cypress\\integration\\Blanks\\blanksFilters.js:287:38)\n    at Context.eval (https://bbstaticwebapptest.azurewebsites.net/__cypress/tests?p=cypress\\integration\\Blanks\\blanksFilters.js:129:12)",
                "diff": null
              },
              "uuid": "de3d56ac-136e-42f3-9907-53f042a54ccd",
              "parentUUID": "25d8bf9e-6de1-4ffb-89ed-b7fec5723dfd",
              "isHook": false,
              "skipped": false
            },
            {
              "title": "Blank selection Unspecified filter",
              "fullTitle": "Blanks filters Blank selection Unspecified filter",
              "timedOut": null,
              "duration": 13821,
              "state": "passed",
              "speed": "slow",
              "pass": true,
              "fail": false,
              "pending": false,
              "context": null,
              "code": "cy.location('pathname').should('match', /\\/blanks$/);\nblanks.submitFilter();\nfilter.checkBlankSelectionUnspecified();\nblanks.checkBlanksCount(); // filter.submitClearAllFilters();",
              "err": {},
              "uuid": "84109bcf-cc24-460e-9801-2717007064bd",
              "parentUUID": "25d8bf9e-6de1-4ffb-89ed-b7fec5723dfd",
              "isHook": false,
              "skipped": false
            },
            {
              "title": "Blank approval Unspecified filter",
              "fullTitle": "Blanks filters Blank approval Unspecified filter",
              "timedOut": null,
              "duration": 14867,
              "state": "passed",
              "speed": "slow",
              "pass": true,
              "fail": false,
              "pending": false,
              "context": null,
              "code": "cy.location('pathname').should('match', /\\/blanks$/);\nblanks.submitFilter();\nfilter.checkBlankApprovalUnspecified();\nblanks.checkBlanksCount(); // filter.submitClearAllFilters();",
              "err": {},
              "uuid": "63082d87-9437-431f-8fd5-85e0f98c7c7f",
              "parentUUID": "25d8bf9e-6de1-4ffb-89ed-b7fec5723dfd",
              "isHook": false,
              "skipped": false
            },
            {
              "title": "Blank type Men filter",
              "fullTitle": "Blanks filters Blank type Men filter",
              "timedOut": null,
              "duration": 12381,
              "state": "passed",
              "speed": "slow",
              "pass": true,
              "fail": false,
              "pending": false,
              "context": null,
              "code": "cy.location('pathname').should('match', /\\/blanks$/);\nblanks.submitFilter();\nfilter.checkBlankTypeMen();\nblanks.checkBlanksCount(); // filter.submitClearAllFilters();",
              "err": {},
              "uuid": "e3b9bab1-aef1-4f54-b75b-ddecf50dde0b",
              "parentUUID": "25d8bf9e-6de1-4ffb-89ed-b7fec5723dfd",
              "isHook": false,
              "skipped": false
            },
            {
              "title": "Blank type Women filter",
              "fullTitle": "Blanks filters Blank type Women filter",
              "timedOut": null,
              "duration": 12781,
              "state": "passed",
              "speed": "slow",
              "pass": true,
              "fail": false,
              "pending": false,
              "context": null,
              "code": "cy.location('pathname').should('match', /\\/blanks$/);\nblanks.submitFilter();\nfilter.checkBlankTypeWomen();\nblanks.checkBlanksCount(); // filter.submitClearAllFilters();",
              "err": {},
              "uuid": "406374eb-bd22-482e-a98f-7b2475b91577",
              "parentUUID": "25d8bf9e-6de1-4ffb-89ed-b7fec5723dfd",
              "isHook": false,
              "skipped": false
            },
            {
              "title": "Blank type Kids & Toddlers filter",
              "fullTitle": "Blanks filters Blank type Kids & Toddlers filter",
              "timedOut": null,
              "duration": 13255,
              "state": "passed",
              "speed": "slow",
              "pass": true,
              "fail": false,
              "pending": false,
              "context": null,
              "code": "cy.location('pathname').should('match', /\\/blanks$/);\nblanks.submitFilter();\nfilter.checkBlankTypeKids();\nblanks.checkBlanksCount(); // filter.submitClearAllFilters();",
              "err": {},
              "uuid": "f7ebe499-8f12-4372-b42c-0fbd8f3a7f3d",
              "parentUUID": "25d8bf9e-6de1-4ffb-89ed-b7fec5723dfd",
              "isHook": false,
              "skipped": false
            },
            {
              "title": "Blank type Hometex filter",
              "fullTitle": "Blanks filters Blank type Hometex filter",
              "timedOut": null,
              "duration": 12997,
              "state": "passed",
              "speed": "slow",
              "pass": true,
              "fail": false,
              "pending": false,
              "context": null,
              "code": "cy.location('pathname').should('match', /\\/blanks$/);\nblanks.submitFilter();\nfilter.checkBlankTypeHometex();\nblanks.checkBlanksCount(); // filter.submitClearAllFilters();",
              "err": {},
              "uuid": "39042527-9508-41f5-b71a-2e3d2fef399b",
              "parentUUID": "25d8bf9e-6de1-4ffb-89ed-b7fec5723dfd",
              "isHook": false,
              "skipped": false
            },
            {
              "title": "Blank type Workwear & Uniforms",
              "fullTitle": "Blanks filters Blank type Workwear & Uniforms",
              "timedOut": null,
              "duration": 12954,
              "state": "passed",
              "speed": "slow",
              "pass": true,
              "fail": false,
              "pending": false,
              "context": null,
              "code": "cy.location('pathname').should('match', /\\/blanks$/);\nblanks.submitFilter();\nfilter.checkBlankTypeWorwear();\nblanks.emptyBlanksCount(); // filter.submitClearAllFilters();",
              "err": {},
              "uuid": "0d0d7497-5209-47d4-8bec-c17e2a7c9075",
              "parentUUID": "25d8bf9e-6de1-4ffb-89ed-b7fec5723dfd",
              "isHook": false,
              "skipped": false
            },
            {
              "title": "Blank type Accessories",
              "fullTitle": "Blanks filters Blank type Accessories",
              "timedOut": null,
              "duration": 18983,
              "state": "failed",
              "speed": null,
              "pass": false,
              "fail": true,
              "pending": false,
              "context": null,
              "code": "cy.location('pathname').should('match', /\\/blanks$/);\nblanks.submitFilter();\nfilter.checkBlankTypeAccessories();\nblanks.emptyBlanksCount(); // filter.submitClearAllFilters();",
              "err": {
                "message": "AssertionError: Timed out retrying after 5000ms: expected '<span.font-weight-light>' to have text '0 Items', but the text was '1 Items'",
                "estack": "AssertionError: Timed out retrying after 5000ms: expected '<span.font-weight-light>' to have text '0 Items', but the text was '1 Items'\n    at Context.eval (https://bbstaticwebapptest.azurewebsites.net/__cypress/tests?p=cypress\\integration\\Blanks\\blanksFilters.js:550:30)",
                "diff": "- '1 Items'\n+ '0 Items'\n"
              },
              "uuid": "cfb6c341-1315-431e-a4e3-c843fc766b81",
              "parentUUID": "25d8bf9e-6de1-4ffb-89ed-b7fec5723dfd",
              "isHook": false,
              "skipped": false
            },
            {
              "title": "Blank Blank properties Brand",
              "fullTitle": "Blanks filters Blank Blank properties Brand",
              "timedOut": null,
              "duration": 17488,
              "state": "passed",
              "speed": "slow",
              "pass": true,
              "fail": false,
              "pending": false,
              "context": null,
              "code": "cy.location('pathname').should('match', /\\/blanks$/);\nblanks.submitFilter();\nfilter.fillBlankPropertiesBrand();\ncy.wait(3000);\nfilter.checkBlankPropertiesBrand();\nblanks.checkBlanksCount(); // filter.submitClearAllFilters();",
              "err": {},
              "uuid": "47b4e404-8749-4d43-9b27-60a6ac338249",
              "parentUUID": "25d8bf9e-6de1-4ffb-89ed-b7fec5723dfd",
              "isHook": false,
              "skipped": false
            },
            {
              "title": "Blank Blank properties Brand reference code",
              "fullTitle": "Blanks filters Blank Blank properties Brand reference code",
              "timedOut": null,
              "duration": 17721,
              "state": "passed",
              "speed": "slow",
              "pass": true,
              "fail": false,
              "pending": false,
              "context": null,
              "code": "cy.location('pathname').should('match', /\\/blanks$/);\nblanks.submitFilter();\nfilter.fillBlankPropertiesBrandReferenceCode();\ncy.wait(2000);\nfilter.checkBlankPropertiesBrandReferenceCode();\nblanks.checkBlanksCount(); // filter.submitClearAllFilters();",
              "err": {},
              "uuid": "4ba1e3e1-f03e-47e2-b43d-ecde7ff52a76",
              "parentUUID": "25d8bf9e-6de1-4ffb-89ed-b7fec5723dfd",
              "isHook": false,
              "skipped": false
            },
            {
              "title": "Blank Blank properties Sizes",
              "fullTitle": "Blanks filters Blank Blank properties Sizes",
              "timedOut": null,
              "duration": 15887,
              "state": "passed",
              "speed": "slow",
              "pass": true,
              "fail": false,
              "pending": false,
              "context": null,
              "code": "cy.location('pathname').should('match', /\\/blanks$/);\nblanks.submitFilter();\nfilter.fillBlankPropertiesSizes();\ncy.wait(2000);\nfilter.checkBlankPropertiesSizes();\nblanks.checkBlanksCount(); // filter.submitClearAllFilters();",
              "err": {},
              "uuid": "daf36a24-4aca-4841-b958-e658f137cc0d",
              "parentUUID": "25d8bf9e-6de1-4ffb-89ed-b7fec5723dfd",
              "isHook": false,
              "skipped": false
            },
            {
              "title": "Blank Blank properties Line Premium",
              "fullTitle": "Blanks filters Blank Blank properties Line Premium",
              "timedOut": null,
              "duration": 12943,
              "state": "passed",
              "speed": "slow",
              "pass": true,
              "fail": false,
              "pending": false,
              "context": null,
              "code": "cy.location('pathname').should('match', /\\/blanks$/);\nblanks.submitFilter();\nfilter.checkBlankPropertiesLinePremium();\nblanks.checkBlanksCount(); // filter.submitClearAllFilters();",
              "err": {},
              "uuid": "fc87bc22-0054-400d-aadb-b4344a436850",
              "parentUUID": "25d8bf9e-6de1-4ffb-89ed-b7fec5723dfd",
              "isHook": false,
              "skipped": false
            },
            {
              "title": "Blank Blank properties Line Standard",
              "fullTitle": "Blanks filters Blank Blank properties Line Standard",
              "timedOut": null,
              "duration": 13621,
              "state": "passed",
              "speed": "slow",
              "pass": true,
              "fail": false,
              "pending": false,
              "context": null,
              "code": "cy.location('pathname').should('match', /\\/blanks$/);\nblanks.submitFilter();\nfilter.checkBlankPropertiesLineStandard();\nblanks.checkBlanksCount(); // filter.submitClearAllFilters();",
              "err": {},
              "uuid": "8b694126-11e0-4795-8f77-da0d5108fcdc",
              "parentUUID": "25d8bf9e-6de1-4ffb-89ed-b7fec5723dfd",
              "isHook": false,
              "skipped": false
            },
            {
              "title": "Blank Blank properties Manufacturer",
              "fullTitle": "Blanks filters Blank Blank properties Manufacturer",
              "timedOut": null,
              "duration": 17428,
              "state": "passed",
              "speed": "slow",
              "pass": true,
              "fail": false,
              "pending": false,
              "context": null,
              "code": "cy.location('pathname').should('match', /\\/blanks$/);\nblanks.submitFilter();\nfilter.fillBlankPropertiesManufacturer();\ncy.wait(2000);\nfilter.checkBlankPropertiesManufacturer();\nblanks.checkBlanksCount(); // filter.submitClearAllFilters();",
              "err": {},
              "uuid": "7abab2d3-88f5-4d5e-a35c-e395721976dd",
              "parentUUID": "25d8bf9e-6de1-4ffb-89ed-b7fec5723dfd",
              "isHook": false,
              "skipped": false
            }
          ],
          "suites": [],
          "passes": [
            "2ba89240-4728-416c-854e-1194fbefcb99",
            "84109bcf-cc24-460e-9801-2717007064bd",
            "63082d87-9437-431f-8fd5-85e0f98c7c7f",
            "e3b9bab1-aef1-4f54-b75b-ddecf50dde0b",
            "406374eb-bd22-482e-a98f-7b2475b91577",
            "f7ebe499-8f12-4372-b42c-0fbd8f3a7f3d",
            "39042527-9508-41f5-b71a-2e3d2fef399b",
            "0d0d7497-5209-47d4-8bec-c17e2a7c9075",
            "47b4e404-8749-4d43-9b27-60a6ac338249",
            "4ba1e3e1-f03e-47e2-b43d-ecde7ff52a76",
            "daf36a24-4aca-4841-b958-e658f137cc0d",
            "fc87bc22-0054-400d-aadb-b4344a436850",
            "8b694126-11e0-4795-8f77-da0d5108fcdc",
            "7abab2d3-88f5-4d5e-a35c-e395721976dd"
          ],
          "failures": [
            "bee39f43-f25f-4596-a087-1f96a1b2745b",
            "de3d56ac-136e-42f3-9907-53f042a54ccd",
            "cfb6c341-1315-431e-a4e3-c843fc766b81"
          ],
          "pending": [],
          "skipped": [],
          "duration": 260209,
          "root": false,
          "rootEmpty": false,
          "_timeout": 2000
        }
      ],
      "passes": [],
      "failures": [],
      "pending": [],
      "skipped": [],
      "duration": 0,
      "root": true,
      "rootEmpty": true,
      "_timeout": 2000
    },
    {
      "uuid": "09a7cd16-80dc-49fe-ab95-6bcee8984828",
      "title": "",
      "fullFile": "cypress\\integration\\Blanks\\blanksInfoPage.js",
      "file": "cypress\\integration\\Blanks\\blanksInfoPage.js",
      "beforeHooks": [],
      "afterHooks": [],
      "tests": [],
      "suites": [
        {
          "uuid": "b4fa652a-53ff-406b-8be7-3f09a6e94fe0",
          "title": "Blanks check info page",
          "fullFile": "",
          "file": "",
          "beforeHooks": [],
          "afterHooks": [],
          "tests": [
            {
              "title": "Check info page",
              "fullTitle": "Blanks check info page Check info page",
              "timedOut": null,
              "duration": 14514,
              "state": "passed",
              "speed": "slow",
              "pass": true,
              "fail": false,
              "pending": false,
              "context": null,
              "code": "cy.location('pathname').should('match', /\\/blanks$/);\nblanks.checkBlankItemForInfoPage();\ndetail.checkButtonApproveReject();\ndetail.checkDetailCreated();\ndetail.checkDetailBlankStatus();\ndetail.checkDetailBlankDescription();\ndetail.checkDetailBrand();\ndetail.checkDetailCode();\ndetail.checkDetailCategory();\ndetail.checkDetailSubCategory();\ndetail.checkDetailGender();\ndetail.checkDetailDetailLine();\ndetail.checkDetailSizes();\ndetail.checkDetailColors();\ndetail.checkDetailBulletPoints();\ndetail.checkColorTable();",
              "err": {},
              "uuid": "860ddaed-f182-424e-b769-36d40a04809a",
              "parentUUID": "b4fa652a-53ff-406b-8be7-3f09a6e94fe0",
              "isHook": false,
              "skipped": false
            }
          ],
          "suites": [],
          "passes": [
            "860ddaed-f182-424e-b769-36d40a04809a"
          ],
          "failures": [],
          "pending": [],
          "skipped": [],
          "duration": 14514,
          "root": false,
          "rootEmpty": false,
          "_timeout": 2000
        }
      ],
      "passes": [],
      "failures": [],
      "pending": [],
      "skipped": [],
      "duration": 0,
      "root": true,
      "rootEmpty": true,
      "_timeout": 2000
    },
    {
      "uuid": "3ab2e205-a0ea-4c3d-b5d8-d513cc36c7c2",
      "title": "",
      "fullFile": "cypress\\integration\\Blanks\\blanks.js",
      "file": "cypress\\integration\\Blanks\\blanks.js",
      "beforeHooks": [],
      "afterHooks": [],
      "tests": [],
      "suites": [
        {
          "uuid": "52ccaa2b-0a45-47b9-b3b0-675bc53d3fa6",
          "title": "Blanks",
          "fullFile": "",
          "file": "",
          "beforeHooks": [],
          "afterHooks": [],
          "tests": [
            {
              "title": "Check blanks count",
              "fullTitle": "Blanks Check blanks count",
              "timedOut": null,
              "duration": 31188,
              "state": "passed",
              "speed": "slow",
              "pass": true,
              "fail": false,
              "pending": false,
              "context": null,
              "code": "cy.location('pathname').should('match', /\\/blanks$/);\nblanks.checkBlanksCount();",
              "err": {},
              "uuid": "a8c955d0-126f-4073-826d-777251cc6215",
              "parentUUID": "52ccaa2b-0a45-47b9-b3b0-675bc53d3fa6",
              "isHook": false,
              "skipped": false
            },
            {
              "title": "Check blanks exist",
              "fullTitle": "Blanks Check blanks exist",
              "timedOut": null,
              "duration": 15678,
              "state": "passed",
              "speed": "slow",
              "pass": true,
              "fail": false,
              "pending": false,
              "context": null,
              "code": "cy.location('pathname').should('match', /\\/blanks$/);\nblanks.checkBlankItem();\nblanks.checkBlanksName();\nblanks.checkBlanksId();\nblanks.checkBlanksBrand();\nblanks.checkBlanksSizes();\nblanks.checkBlanksLine();\nblanks.checkBlanksGender();\nblanks.checkBlanksManufacturer();\nblanks.checkBlanksDate();",
              "err": {},
              "uuid": "7a5fb62b-8e1f-4c75-80c5-3bec08a7b329",
              "parentUUID": "52ccaa2b-0a45-47b9-b3b0-675bc53d3fa6",
              "isHook": false,
              "skipped": false
            },
            {
              "title": "Check select not active after page load",
              "fullTitle": "Blanks Check select not active after page load",
              "timedOut": null,
              "duration": 10155,
              "state": "passed",
              "speed": "slow",
              "pass": true,
              "fail": false,
              "pending": false,
              "context": null,
              "code": "cy.location('pathname').should('match', /\\/blanks$/);\nblanks.checkSelectDisabled();",
              "err": {},
              "uuid": "662bb2c0-67e1-4102-b210-ed35d6f7616c",
              "parentUUID": "52ccaa2b-0a45-47b9-b3b0-675bc53d3fa6",
              "isHook": false,
              "skipped": false
            },
            {
              "title": "Paging",
              "fullTitle": "Blanks Paging",
              "timedOut": null,
              "duration": 10832,
              "state": "passed",
              "speed": "slow",
              "pass": true,
              "fail": false,
              "pending": false,
              "context": null,
              "code": "cy.location('pathname').should('match', /\\/blanks$/);\nblanks.submitSecondPage();\nblanks.checkBlankItem();",
              "err": {},
              "uuid": "25c1f2ca-be45-42c3-b0a2-fd9c611ab938",
              "parentUUID": "52ccaa2b-0a45-47b9-b3b0-675bc53d3fa6",
              "isHook": false,
              "skipped": false
            },
            {
              "title": "Deselect count",
              "fullTitle": "Blanks Deselect count",
              "timedOut": null,
              "duration": 10336,
              "state": "passed",
              "speed": "slow",
              "pass": true,
              "fail": false,
              "pending": false,
              "context": null,
              "code": "cy.location('pathname').should('match', /\\/blanks$/);\nblanks.checkBlankItem();\nblanks.checkSelectDisabled();\nblanks.checkBlankFirst();\nblanks.checkDeselectCount();",
              "err": {},
              "uuid": "99d57e67-cbb7-4b08-b330-26e7fbc84fce",
              "parentUUID": "52ccaa2b-0a45-47b9-b3b0-675bc53d3fa6",
              "isHook": false,
              "skipped": false
            },
            {
              "title": "Check blank with different status",
              "fullTitle": "Blanks Check blank with different status",
              "timedOut": null,
              "duration": 10250,
              "state": "passed",
              "speed": "slow",
              "pass": true,
              "fail": false,
              "pending": false,
              "context": null,
              "code": "cy.location('pathname').should('match', /\\/blanks$/);\nblanks.checkBlankItem();\nblanks.checkSelectDisabled();\nblanks.checkBlankFirst();\nblanks.checkBlankSecond();\nblanks.checkSelectDisabled();",
              "err": {},
              "uuid": "359bfd87-7d3c-4388-80e0-536d96d764da",
              "parentUUID": "52ccaa2b-0a45-47b9-b3b0-675bc53d3fa6",
              "isHook": false,
              "skipped": false
            },
            {
              "title": "Select all check",
              "fullTitle": "Blanks Select all check",
              "timedOut": null,
              "duration": 11120,
              "state": "passed",
              "speed": "slow",
              "pass": true,
              "fail": false,
              "pending": false,
              "context": null,
              "code": "cy.location('pathname').should('match', /\\/blanks$/);\nblanks.checkSelectAll();\nblanks.checkBlankCheckedSelectAll();",
              "err": {},
              "uuid": "aec946a5-e0f2-4a25-a68e-d012f094a80a",
              "parentUUID": "52ccaa2b-0a45-47b9-b3b0-675bc53d3fa6",
              "isHook": false,
              "skipped": false
            },
            {
              "title": "Appoval when load catalog",
              "fullTitle": "Blanks Appoval when load catalog",
              "timedOut": null,
              "duration": 13353,
              "state": "passed",
              "speed": "slow",
              "pass": true,
              "fail": false,
              "pending": false,
              "context": null,
              "code": "cy.location('pathname').should('match', /\\/blanks$/);\nblanks.checkApproveRejectButtonDisable();",
              "err": {},
              "uuid": "a5e3648c-0927-4292-b09f-d51d03fb7753",
              "parentUUID": "52ccaa2b-0a45-47b9-b3b0-675bc53d3fa6",
              "isHook": false,
              "skipped": false
            },
            {
              "title": "Appoval select few approved",
              "fullTitle": "Blanks Appoval select few approved",
              "timedOut": null,
              "duration": 13762,
              "state": "passed",
              "speed": "slow",
              "pass": true,
              "fail": false,
              "pending": false,
              "context": null,
              "code": "cy.location('pathname').should('match', /\\/blanks$/);\nblanks.checkBlankFirst();\nblanks.checkBlankSecond();\nblanks.checkRejectButton();",
              "err": {},
              "uuid": "5f6adb39-3346-47ab-892d-8280cbf1d990",
              "parentUUID": "52ccaa2b-0a45-47b9-b3b0-675bc53d3fa6",
              "isHook": false,
              "skipped": false
            },
            {
              "title": "Appoval select few rejected",
              "fullTitle": "Blanks Appoval select few rejected",
              "timedOut": null,
              "duration": 17230,
              "state": "failed",
              "speed": null,
              "pass": false,
              "fail": true,
              "pending": false,
              "context": null,
              "code": "cy.location('pathname').should('match', /\\/blanks$/);\nblanks.submitForthPage();\nblanks.checkRejectedBlank();\nblanks.checkApproveButton();",
              "err": {
                "message": "AssertionError: Timed out retrying after 5000ms: Expected to find element: `undefined`, but never found it.",
                "estack": "AssertionError: Timed out retrying after 5000ms: Expected to find element: `undefined`, but never found it.\n    at BlanksMainPage.checkRejectedBlank (https://bbstaticwebappstaging.azurewebsites.net/__cypress/tests?p=cypress\\integration\\Blanks\\blanks.js:348:10)\n    at Context.eval (https://bbstaticwebappstaging.azurewebsites.net/__cypress/tests?p=cypress\\integration\\Blanks\\blanks.js:169:12)",
                "diff": null
              },
              "uuid": "7eb84d45-7d48-476b-a206-3c5f0b5f4024",
              "parentUUID": "52ccaa2b-0a45-47b9-b3b0-675bc53d3fa6",
              "isHook": false,
              "skipped": false
            },
            {
              "title": "Appoval select few unspecified",
              "fullTitle": "Blanks Appoval select few unspecified",
              "timedOut": null,
              "duration": 12010,
              "state": "passed",
              "speed": "slow",
              "pass": true,
              "fail": false,
              "pending": false,
              "context": null,
              "code": "cy.location('pathname').should('match', /\\/blanks$/);\nblanks.submitThirdPage();\nblanks.checkUnspecifiedBlank();\nblanks.checkApproveRejectButton();",
              "err": {},
              "uuid": "648ade31-6156-4014-bc31-9b775b9378f2",
              "parentUUID": "52ccaa2b-0a45-47b9-b3b0-675bc53d3fa6",
              "isHook": false,
              "skipped": false
            }
          ],
          "suites": [],
          "passes": [
            "a8c955d0-126f-4073-826d-777251cc6215",
            "7a5fb62b-8e1f-4c75-80c5-3bec08a7b329",
            "662bb2c0-67e1-4102-b210-ed35d6f7616c",
            "25c1f2ca-be45-42c3-b0a2-fd9c611ab938",
            "99d57e67-cbb7-4b08-b330-26e7fbc84fce",
            "359bfd87-7d3c-4388-80e0-536d96d764da",
            "aec946a5-e0f2-4a25-a68e-d012f094a80a",
            "a5e3648c-0927-4292-b09f-d51d03fb7753",
            "5f6adb39-3346-47ab-892d-8280cbf1d990",
            "648ade31-6156-4014-bc31-9b775b9378f2"
          ],
          "failures": [
            "7eb84d45-7d48-476b-a206-3c5f0b5f4024"
          ],
          "pending": [],
          "skipped": [],
          "duration": 155914,
          "root": false,
          "rootEmpty": false,
          "_timeout": 2000
        }
      ],
      "passes": [],
      "failures": [],
      "pending": [],
      "skipped": [],
      "duration": 0,
      "root": true,
      "rootEmpty": true,
      "_timeout": 2000
    }
  ],
  "meta": {
    "mocha": {
      "version": "7.0.1"
    },
    "mochawesome": {
      "options": {
        "quiet": false,
        "reportFilename": "mochawesome",
        "saveHtml": false,
        "saveJson": true,
        "consoleReporter": "spec",
        "useInlineDiffs": false,
        "code": true
      },
      "version": "6.2.1"
    },
    "marge": {
      "options": {
        "id": "default",
        "reportDir": "cypress/results/mochawesome",
        "quite": true,
        "overwrite": false,
        "html": false,
        "json": true
      },
      "version": "5.1.0"
    }
  }
}